0 silly argv {
0 silly argv   _: [ 'version' ],
0 silly argv   lernaVersion: '8.1.8',
0 silly argv   '$0': '/Users/lisab/Code/workbenching/design-system-monorepo/node_modules/.bin/lerna'
0 silly argv }
1 notice cli v8.1.8
2 verbose packageConfigs Explicit "packages" configuration found in lerna.json. Resolving packages using the configured glob(s): ["packages/*"]
3 verbose rootPath /Users/lisab/Code/workbenching/design-system-monorepo
4 error Failed to process project graph. Run "nx reset" to fix this. Please report the issue if you keep seeing it.
4 error       An error occurred while processing files for the @nx/storybook/plugin plugin.
4 error     - .storybook/main.js: Unexpected token 'export'
4 error       /Users/lisab/Code/workbenching/design-system-monorepo/.storybook/main.js:17
4 error       export default config;
4 error       ^^^^^^
4 error
4 error       SyntaxError: Unexpected token 'export'
4 error           at internalCompileFunction (node:internal/vm:76:18)
4 error           at wrapSafe (node:internal/modules/cjs/loader:1283:20)
4 error           at Module._compile (node:internal/modules/cjs/loader:1328:27)
4 error           at Module._extensions..js (node:internal/modules/cjs/loader:1422:10)
4 error           at Module.load (node:internal/modules/cjs/loader:1203:32)
4 error           at Module._load (node:internal/modules/cjs/loader:1019:12)
4 error           at Module.require (node:internal/modules/cjs/loader:1231:19)
4 error           at require (node:internal/modules/helpers:177:18)
4 error           at load (/Users/lisab/Code/workbenching/design-system-monorepo/node_modules/@nx/devkit/src/utils/config-utils.js:76:16)
